\BOOKMARK [0][-]{chapter*.2}{List of figures}{}% 1
\BOOKMARK [0][-]{chapter*.3}{Abstract}{}% 2
\BOOKMARK [0][-]{chapter*.4}{Declaration}{}% 3
\BOOKMARK [0][-]{chapter.1}{Introduction}{}% 4
\BOOKMARK [1][-]{section.1.1}{Elementary definitions and notation}{chapter.1}% 5
\BOOKMARK [0][-]{chapter.2}{Riemann Surfaces}{}% 6
\BOOKMARK [1][-]{section.2.1}{Basic Definitions}{chapter.2}% 7
\BOOKMARK [1][-]{section.2.2}{Algebraic Curves}{chapter.2}% 8
\BOOKMARK [1][-]{section.2.3}{Proper Discontinuous Group Actions}{chapter.2}% 9
\BOOKMARK [2][-]{subsection.2.3.1}{Fuchsian grouppos}{section.2.3}% 10
\BOOKMARK [1][-]{section.2.4}{Attempting to classify some Riemann surfaces}{chapter.2}% 11
\BOOKMARK [2][-]{subsection.2.4.1}{The Riemann Sphere}{section.2.4}% 12
\BOOKMARK [2][-]{subsection.2.4.2}{Quotients of the Complex Plane}{section.2.4}% 13
\BOOKMARK [2][-]{subsection.2.4.3}{Moduli space of Tori}{section.2.4}% 14
\BOOKMARK [0][-]{chapter.3}{Calculus on Riemann Surfaces}{}% 15
\BOOKMARK [1][-]{section.3.1}{Introduction}{chapter.3}% 16
\BOOKMARK [1][-]{section.3.2}{The Tangent and Cotangent Spaces}{chapter.3}% 17
\BOOKMARK [1][-]{section.3.3}{The Alternating Algebra and Differential forms}{chapter.3}% 18
\BOOKMARK [1][-]{section.3.4}{de-Rham Cohomology}{chapter.3}% 19
\BOOKMARK [1][-]{section.3.5}{Complex structures}{chapter.3}% 20
\BOOKMARK [0][-]{chapter.4}{The Uniformisation Theorem}{}% 21
\BOOKMARK [1][-]{section.4.1}{Preliminaries}{chapter.4}% 22
\BOOKMARK [2][-]{subsection.4.1.1}{The \040operator and Harmonic functions}{section.4.1}% 23
\BOOKMARK [2][-]{subsection.4.1.2}{Hilbert Spaces and the space H\(X\)}{section.4.1}% 24
\BOOKMARK [1][-]{section.4.2}{The Dirichlet Energy Functional}{chapter.4}% 25
\BOOKMARK [1][-]{section.4.3}{Solving the Laplace equation on compact Riemann surfaces}{chapter.4}% 26
\BOOKMARK [1][-]{section.4.4}{Weyl's Lemma}{chapter.4}% 27
\BOOKMARK [1][-]{section.4.5}{The Uniformisation Theorem}{chapter.4}% 28
\BOOKMARK [1][-]{section.4.6}{The Laplace equation on simply connected non compact Riemann surfaces}{chapter.4}% 29
\BOOKMARK [1][-]{section.4.7}{Consequences of solving the Laplace equation on Riemann surfaces and the Riemann-Roch Theorem}{chapter.4}% 30
